%!Adobe-FontList 1.19
%Locale:0x409

%BeginFont
Handler:DirectoryHandler
FontType:TrueType
FontName:KronaOne-Regular
FamilyName:Krona One
StyleName:Regular
MenuName:Krona One
StyleBits:0
WeightClass:400
WidthClass:5
AngleClass:0
FullName:Krona One
WritingScript:Roman
OutlineFileName:\KronaOne-Regular.ttf
DataFormat:sfntData
hasSVG:no
VariableFontType:NonVariableFont
FileLength:35168
FileModTime:1329886800
NameArray:0,Mac,18,Krona One
NameArray:0,Mac,4,Krona One
NameArray:0,Win,1,Krona One
%EndFont

%BeginFont
Handler:DirectoryHandler
FontType:TrueType
FontName:Oswald-Bold
FamilyName:Oswald
StyleName:Bold
MenuName:Oswald
StyleBits:2
WeightClass:700
WidthClass:5
AngleClass:0
FullName:Oswald Bold
WritingScript:Roman
OutlineFileName:\Oswald-Bold.ttf
DataFormat:sfntData
hasSVG:no
VariableFontType:NonVariableFont
FileLength:94272
FileModTime:1330491600
NameArray:0,Mac,4,Oswald Bold
NameArray:0,Win,1,Oswald
%EndFont

